#
# There is insufficient memory for the Java Runtime Environment to continue.
# Native memory allocation (mmap) failed to map 24117248 bytes. Error detail: G1 virtual space
# Possible reasons:
#   The system is out of physical RAM or swap space
#   This process is running with CompressedOops enabled, and the Java Heap may be blocking the growth of the native heap
# Possible solutions:
#   Reduce memory load on the system
#   Increase physical memory or swap space
#   Check if swap backing store is full
#   Decrease Java heap size (-Xmx/-Xms)
#   Decrease number of Java threads
#   Decrease Java thread stack sizes (-Xss)
#   Set larger code cache with -XX:ReservedCodeCacheSize=
#   JVM is running with Unscaled Compressed Oops mode in which the Java heap is
#     placed in the first 4GB address space. The Java Heap base address is the
#     maximum limit for the native heap growth. Please use -XX:HeapBaseMinAddress
#     to set the Java Heap base and to place the Java Heap above 4GB virtual address.
# This output file may be truncated or incomplete.
#
#  Out of Memory Error (os_windows.cpp:3815), pid=30480, tid=8364
#
# JRE version: OpenJDK Runtime Environment (21.0.3) (build 21.0.3+-12282718-b509.11)
# Java VM: OpenJDK 64-Bit Server VM (21.0.3+-12282718-b509.11, mixed mode, tiered, compressed oops, compressed class ptrs, g1 gc, windows-amd64)
# No core dump will be written. Minidumps are not enabled by default on client versions of Windows
#

---------------  S U M M A R Y ------------

Command Line: --add-opens=java.base/java.util=ALL-UNNAMED --add-opens=java.base/java.lang=ALL-UNNAMED --add-opens=java.base/java.lang.invoke=ALL-UNNAMED --add-opens=java.prefs/java.util.prefs=ALL-UNNAMED --add-exports=jdk.compiler/com.sun.tools.javac.api=ALL-UNNAMED --add-exports=jdk.compiler/com.sun.tools.javac.util=ALL-UNNAMED --add-opens=java.base/java.nio.charset=ALL-UNNAMED --add-opens=java.base/java.net=ALL-UNNAMED --add-opens=java.base/java.util.concurrent.atomic=ALL-UNNAMED -Xmx2048m -Dfile.encoding=UTF-8 -Duser.country=US -Duser.language=en -Duser.variant -javaagent:C:\Users\Yaser Yjjou\.gradle\wrapper\dists\gradle-8.9-bin\90cnw93cvbtalezasaz0blq0a\gradle-8.9\lib\agents\gradle-instrumentation-agent-8.9.jar org.gradle.launcher.daemon.bootstrap.GradleDaemon 8.9

Host: Intel(R) Core(TM) i7-10700 CPU @ 2.90GHz, 16 cores, 15G,  Windows 11 , 64 bit Build 22621 (10.0.22621.4391)
Time: Thu Jan  9 11:48:55 2025 Morocco Daylight Time elapsed time: 10.271029 seconds (0d 0h 0m 10s)

---------------  T H R E A D  ---------------

Current thread (0x00000146f8c73f00):  VMThread "VM Thread"          [id=8364, stack(0x00000036ea800000,0x00000036ea900000) (1024K)]

Stack: [0x00000036ea800000,0x00000036ea900000]
Native frames: (J=compiled Java code, j=interpreted, Vv=VM code, C=native code)
V  [jvm.dll+0x6cafb9]
V  [jvm.dll+0x858523]
V  [jvm.dll+0x85aa7e]
V  [jvm.dll+0x85b163]
V  [jvm.dll+0x27d356]
V  [jvm.dll+0x6c7865]
V  [jvm.dll+0x6bbd3a]
V  [jvm.dll+0x35199b]
V  [jvm.dll+0x3595d6]
V  [jvm.dll+0x3aa826]
V  [jvm.dll+0x3aaaf8]
V  [jvm.dll+0x3240bc]
V  [jvm.dll+0x324147]
V  [jvm.dll+0x36a00c]
V  [jvm.dll+0x36879e]
V  [jvm.dll+0x3237c1]
V  [jvm.dll+0x367eb0]
V  [jvm.dll+0x860ac8]
V  [jvm.dll+0x861bc4]
V  [jvm.dll+0x862100]
V  [jvm.dll+0x862393]
V  [jvm.dll+0x800d78]
V  [jvm.dll+0x6c98cd]
C  [ucrtbase.dll+0x29333]
C  [KERNEL32.DLL+0x1259d]
C  [ntdll.dll+0x5af38]

VM_Operation (0x00000036ec4f6e10): G1CollectForAllocation, mode: safepoint, requested by thread 0x00000146ff368420


---------------  P R O C E S S  ---------------

Threads class SMR info:
_java_thread_list=0x000001468264f1d0, length=36, elements={
0x00000146de65ea70, 0x00000146f8cf1700, 0x00000146f8d21bc0, 0x00000146f8d259d0,
0x00000146f8d27960, 0x00000146f8d283c0, 0x00000146f8d28e20, 0x00000146f8d08b80,
0x00000146f8d3aee0, 0x00000146f8ea8de0, 0x00000146f8eeaaa0, 0x00000146f8eeb560,
0x00000146fd24b6e0, 0x00000146fd2bead0, 0x00000146fe35e5b0, 0x00000146ff398960,
0x00000146fee6d550, 0x00000146ff2f6f20, 0x00000146ff253ea0, 0x00000146ff256140,
0x00000146ff2567b0, 0x00000146ff368420, 0x00000146ff368ab0, 0x00000146ff36a4f0,
0x00000146ff367070, 0x00000146ff367d90, 0x00000146ff367700, 0x00000146ff369140,
0x00000146ff369e60, 0x0000014680778c50, 0x0000014680774420, 0x00000146807757d0,
0x000001468077a000, 0x0000014680773070, 0x00000146807785c0, 0x00000146807792e0
}

Java Threads: ( => current thread )
  0x00000146de65ea70 JavaThread "main"                              [_thread_blocked, id=25344, stack(0x00000036ea100000,0x00000036ea200000) (1024K)]
  0x00000146f8cf1700 JavaThread "Reference Handler"          daemon [_thread_blocked, id=24304, stack(0x00000036ea900000,0x00000036eaa00000) (1024K)]
  0x00000146f8d21bc0 JavaThread "Finalizer"                  daemon [_thread_blocked, id=21212, stack(0x00000036eaa00000,0x00000036eab00000) (1024K)]
  0x00000146f8d259d0 JavaThread "Signal Dispatcher"          daemon [_thread_blocked, id=35576, stack(0x00000036eab00000,0x00000036eac00000) (1024K)]
  0x00000146f8d27960 JavaThread "Attach Listener"            daemon [_thread_blocked, id=17168, stack(0x00000036eac00000,0x00000036ead00000) (1024K)]
  0x00000146f8d283c0 JavaThread "Service Thread"             daemon [_thread_blocked, id=29968, stack(0x00000036ead00000,0x00000036eae00000) (1024K)]
  0x00000146f8d28e20 JavaThread "Monitor Deflation Thread"   daemon [_thread_blocked, id=5728, stack(0x00000036eae00000,0x00000036eaf00000) (1024K)]
  0x00000146f8d08b80 JavaThread "C2 CompilerThread0"         daemon [_thread_in_native, id=8864, stack(0x00000036eaf00000,0x00000036eb000000) (1024K)]
  0x00000146f8d3aee0 JavaThread "C1 CompilerThread0"         daemon [_thread_blocked, id=5512, stack(0x00000036eb000000,0x00000036eb100000) (1024K)]
  0x00000146f8ea8de0 JavaThread "Common-Cleaner"             daemon [_thread_blocked, id=25012, stack(0x00000036eb100000,0x00000036eb200000) (1024K)]
  0x00000146f8eeaaa0 JavaThread "C1 CompilerThread1"         daemon [_thread_blocked, id=14564, stack(0x00000036eb200000,0x00000036eb300000) (1024K)]
  0x00000146f8eeb560 JavaThread "C1 CompilerThread2"         daemon [_thread_blocked, id=20968, stack(0x00000036eb300000,0x00000036eb400000) (1024K)]
  0x00000146fd24b6e0 JavaThread "Notification Thread"        daemon [_thread_blocked, id=28124, stack(0x00000036eb400000,0x00000036eb500000) (1024K)]
  0x00000146fd2bead0 JavaThread "C2 CompilerThread1"         daemon [_thread_blocked, id=11348, stack(0x00000036eb500000,0x00000036eb600000) (1024K)]
  0x00000146fe35e5b0 JavaThread "C1 CompilerThread3"         daemon [_thread_blocked, id=13624, stack(0x00000036ebd00000,0x00000036ebe00000) (1024K)]
  0x00000146ff398960 JavaThread "Daemon health stats"               [_thread_blocked, id=19652, stack(0x00000036ebe00000,0x00000036ebf00000) (1024K)]
  0x00000146fee6d550 JavaThread "Incoming local TCP Connector on port 62025"        [_thread_in_native, id=5192, stack(0x00000036ebf00000,0x00000036ec000000) (1024K)]
  0x00000146ff2f6f20 JavaThread "Daemon periodic checks"            [_thread_blocked, id=19784, stack(0x00000036ec000000,0x00000036ec100000) (1024K)]
  0x00000146ff253ea0 JavaThread "Daemon"                            [_thread_blocked, id=34868, stack(0x00000036ec100000,0x00000036ec200000) (1024K)]
  0x00000146ff256140 JavaThread "Handler for socket connection from /127.0.0.1:62025 to /127.0.0.1:62026"        [_thread_in_native, id=32936, stack(0x00000036ec200000,0x00000036ec300000) (1024K)]
  0x00000146ff2567b0 JavaThread "Cancel handler"                    [_thread_blocked, id=34512, stack(0x00000036ec300000,0x00000036ec400000) (1024K)]
  0x00000146ff368420 JavaThread "Daemon worker"                     [_thread_blocked, id=29568, stack(0x00000036ec400000,0x00000036ec500000) (1024K)]
  0x00000146ff368ab0 JavaThread "Asynchronous log dispatcher for DefaultDaemonConnection: socket connection from /127.0.0.1:62025 to /127.0.0.1:62026"        [_thread_blocked, id=14960, stack(0x00000036ec500000,0x00000036ec600000) (1024K)]
  0x00000146ff36a4f0 JavaThread "Stdin handler"                     [_thread_blocked, id=35236, stack(0x00000036ec600000,0x00000036ec700000) (1024K)]
  0x00000146ff367070 JavaThread "Daemon client event forwarder"        [_thread_blocked, id=14260, stack(0x00000036ec700000,0x00000036ec800000) (1024K)]
  0x00000146ff367d90 JavaThread "Cache worker for journal cache (C:\Users\Yaser Yjjou\.gradle\caches\journal-1)"        [_thread_blocked, id=19120, stack(0x00000036eb600000,0x00000036eb700000) (1024K)]
  0x00000146ff367700 JavaThread "File lock request listener"        [_thread_in_native, id=8280, stack(0x00000036ed000000,0x00000036ed100000) (1024K)]
  0x00000146ff369140 JavaThread "Cache worker for file hash cache (C:\Users\Yaser Yjjou\.gradle\caches\8.9\fileHashes)"        [_thread_blocked, id=21116, stack(0x00000036ed100000,0x00000036ed200000) (1024K)]
  0x00000146ff369e60 JavaThread "Cache worker for file hash cache (C:\Users\Yaser Yjjou\AndroidStudioProjects\TravelApp\.gradle\8.9\fileHashes)"        [_thread_blocked, id=26112, stack(0x00000036ed400000,0x00000036ed500000) (1024K)]
  0x0000014680778c50 JavaThread "Cache worker for Build Output Cleanup Cache (C:\Users\Yaser Yjjou\AndroidStudioProjects\TravelApp\.gradle\buildOutputCleanup)"        [_thread_blocked, id=33468, stack(0x00000036ed500000,0x00000036ed600000) (1024K)]
  0x0000014680774420 JavaThread "File watcher server"        daemon [_thread_blocked, id=22936, stack(0x00000036ed600000,0x00000036ed700000) (1024K)]
  0x00000146807757d0 JavaThread "File watcher consumer"      daemon [_thread_blocked, id=26060, stack(0x00000036ed700000,0x00000036ed800000) (1024K)]
  0x000001468077a000 JavaThread "Cache worker for checksums cache (C:\Users\Yaser Yjjou\AndroidStudioProjects\TravelApp\.gradle\8.9\checksums)"        [_thread_blocked, id=15748, stack(0x00000036ed800000,0x00000036ed900000) (1024K)]
  0x0000014680773070 JavaThread "Cache worker for file content cache (C:\Users\Yaser Yjjou\.gradle\caches\8.9\fileContent)"        [_thread_blocked, id=21280, stack(0x00000036eda00000,0x00000036edb00000) (1024K)]
  0x00000146807785c0 JavaThread "Cache worker for cache directory md-rule (C:\Users\Yaser Yjjou\.gradle\caches\8.9\md-rule)"        [_thread_blocked, id=34612, stack(0x00000036edb00000,0x00000036edc00000) (1024K)]
  0x00000146807792e0 JavaThread "Cache worker for cache directory md-supplier (C:\Users\Yaser Yjjou\.gradle\caches\8.9\md-supplier)"        [_thread_blocked, id=22256, stack(0x00000036edc00000,0x00000036edd00000) (1024K)]
Total: 36

Other Threads:
=>0x00000146f8c73f00 VMThread "VM Thread"                           [id=8364, stack(0x00000036ea800000,0x00000036ea900000) (1024K)]
  0x00000146f8ac61f0 WatcherThread "VM Periodic Task Thread"        [id=24116, stack(0x00000036ea700000,0x00000036ea800000) (1024K)]
  0x00000146e08a3bd0 WorkerThread "GC Thread#0"                     [id=26936, stack(0x00000036ea200000,0x00000036ea300000) (1024K)]
  0x00000146fd6476e0 WorkerThread "GC Thread#1"                     [id=21120, stack(0x00000036eb800000,0x00000036eb900000) (1024K)]
  0x00000146fd647a80 WorkerThread "GC Thread#2"                     [id=26416, stack(0x00000036eb900000,0x00000036eba00000) (1024K)]
  0x00000146fd66c3a0 WorkerThread "GC Thread#3"                     [id=18604, stack(0x00000036eba00000,0x00000036ebb00000) (1024K)]
  0x00000146fd66c740 WorkerThread "GC Thread#4"                     [id=11616, stack(0x00000036ebb00000,0x00000036ebc00000) (1024K)]
  0x00000146fd56b4f0 WorkerThread "GC Thread#5"                     [id=30672, stack(0x00000036ebc00000,0x00000036ebd00000) (1024K)]
  0x00000146fe8d4ab0 WorkerThread "GC Thread#6"                     [id=25248, stack(0x00000036eb700000,0x00000036eb800000) (1024K)]
  0x00000146fee83680 WorkerThread "GC Thread#7"                     [id=6712, stack(0x00000036ec800000,0x00000036ec900000) (1024K)]
  0x00000146fee832e0 WorkerThread "GC Thread#8"                     [id=24108, stack(0x00000036ec900000,0x00000036eca00000) (1024K)]
  0x00000146fee84500 WorkerThread "GC Thread#9"                     [id=12768, stack(0x00000036eca00000,0x00000036ecb00000) (1024K)]
  0x00000146fee83a20 WorkerThread "GC Thread#10"                    [id=31660, stack(0x00000036ecb00000,0x00000036ecc00000) (1024K)]
  0x00000146fee848a0 WorkerThread "GC Thread#11"                    [id=30856, stack(0x00000036ecc00000,0x00000036ecd00000) (1024K)]
  0x00000146fee82f40 WorkerThread "GC Thread#12"                    [id=3372, stack(0x00000036ecd00000,0x00000036ece00000) (1024K)]
  0x00000146e08b4c30 ConcurrentGCThread "G1 Main Marker"            [id=2132, stack(0x00000036ea300000,0x00000036ea400000) (1024K)]
  0x00000146e08b58a0 WorkerThread "G1 Conc#0"                       [id=10340, stack(0x00000036ea400000,0x00000036ea500000) (1024K)]
  0x00000146fee83dc0 WorkerThread "G1 Conc#1"                       [id=33756, stack(0x00000036ece00000,0x00000036ecf00000) (1024K)]
  0x00000146fee84160 WorkerThread "G1 Conc#2"                       [id=28676, stack(0x00000036ecf00000,0x00000036ed000000) (1024K)]
  0x00000146f8997270 ConcurrentGCThread "G1 Refine#0"               [id=15888, stack(0x00000036ea500000,0x00000036ea600000) (1024K)]
  0x00000146f8997de0 ConcurrentGCThread "G1 Service"                [id=13096, stack(0x00000036ea600000,0x00000036ea700000) (1024K)]
Total: 21

Threads with active compile tasks:
C2 CompilerThread0    10302 5975   !   4       java.net.URLClassLoader::defineClass (224 bytes)
C2 CompilerThread1    10302 5967       4       org.objectweb.asm.MethodWriter::computeAllFrames (510 bytes)
Total: 2

VM state: at safepoint (normal execution)

VM Mutex/Monitor currently owned by a thread:  ([mutex/lock_event])
[0x00007ffaeecc20c8] Threads_lock - owner thread: 0x00000146f8c73f00
[0x00007ffaeecc21c8] Heap_lock - owner thread: 0x00000146ff368420

Heap address: 0x0000000080000000, size: 2048 MB, Compressed Oops mode: 32-bit

CDS archive(s) not mapped
Compressed class space mapped at: 0x0000000100000000-0x0000000140000000, reserved size: 1073741824
Narrow klass base: 0x0000000000000000, Narrow klass shift: 3, Narrow klass range: 0x140000000

GC Precious Log:
 CardTable entry size: 512
 Card Set container configuration: InlinePtr #cards 5 size 8 Array Of Cards #cards 12 size 40 Howl #buckets 4 coarsen threshold 1843 Howl Bitmap #cards 512 size 80 coarsen threshold 460 Card regions per heap region 1 cards per card region 2048
 CPUs: 16 total, 16 available
 Memory: 16160M
 Large Page Support: Disabled
 NUMA Support: Disabled
 Compressed Oops: Enabled (32-bit)
 Heap Region Size: 1M
 Heap Min Capacity: 8M
 Heap Initial Capacity: 254M
 Heap Max Capacity: 2G
 Pre-touch: Disabled
 Parallel Workers: 13
 Concurrent Workers: 3
 Concurrent Refinement Workers: 13
 Periodic GC: Disabled

Heap:
 garbage-first heap   total 89088K, used 39979K [0x0000000080000000, 0x0000000100000000)
  region size 1024K, 5 young (5120K), 5 survivors (5120K)
 Metaspace       used 64294K, committed 65920K, reserved 1114112K
  class space    used 8880K, committed 9664K, reserved 1048576K

Heap Regions: E=young(eden), S=young(survivor), O=old, HS=humongous(starts), HC=humongous(continues), CS=collection set, F=free, TAMS=top-at-mark-start, PB=parsable bottom
|   0|0x0000000080000000, 0x0000000080100000, 0x0000000080100000|100%|HS|  |TAMS 0x0000000080000000| PB 0x0000000080000000| Complete 
|   1|0x0000000080100000, 0x0000000080200000, 0x0000000080200000|100%|HC|  |TAMS 0x0000000080100000| PB 0x0000000080100000| Complete 
|   2|0x0000000080200000, 0x0000000080300000, 0x0000000080300000|100%|HC|  |TAMS 0x0000000080200000| PB 0x0000000080200000| Complete 
|   3|0x0000000080300000, 0x0000000080400000, 0x0000000080400000|100%|HC|  |TAMS 0x0000000080300000| PB 0x0000000080300000| Complete 
|   4|0x0000000080400000, 0x0000000080500000, 0x0000000080500000|100%| O|  |TAMS 0x0000000080400000| PB 0x0000000080400000| Untracked 
|   5|0x0000000080500000, 0x0000000080600000, 0x0000000080600000|100%| O|  |TAMS 0x0000000080500000| PB 0x0000000080500000| Untracked 
|   6|0x0000000080600000, 0x0000000080700000, 0x0000000080700000|100%| O|  |TAMS 0x0000000080600000| PB 0x0000000080600000| Untracked 
|   7|0x0000000080700000, 0x0000000080800000, 0x0000000080800000|100%| O|  |TAMS 0x0000000080700000| PB 0x0000000080700000| Untracked 
|   8|0x0000000080800000, 0x0000000080900000, 0x0000000080900000|100%| O|  |TAMS 0x0000000080800000| PB 0x0000000080800000| Untracked 
|   9|0x0000000080900000, 0x0000000080a00000, 0x0000000080a00000|100%| O|  |TAMS 0x0000000080900000| PB 0x0000000080900000| Untracked 
|  10|0x0000000080a00000, 0x0000000080b00000, 0x0000000080b00000|100%|HS|  |TAMS 0x0000000080a00000| PB 0x0000000080a00000| Complete 
|  11|0x0000000080b00000, 0x0000000080c00000, 0x0000000080c00000|100%| O|  |TAMS 0x0000000080b00000| PB 0x0000000080b00000| Untracked 
|  12|0x0000000080c00000, 0x0000000080d00000, 0x0000000080d00000|100%| O|  |TAMS 0x0000000080c00000| PB 0x0000000080c00000| Untracked 
|  13|0x0000000080d00000, 0x0000000080e00000, 0x0000000080e00000|100%| O|  |TAMS 0x0000000080d00000| PB 0x0000000080d00000| Untracked 
|  14|0x0000000080e00000, 0x0000000080f00000, 0x0000000080f00000|100%| O|  |TAMS 0x0000000080e00000| PB 0x0000000080e00000| Untracked 
|  15|0x0000000080f00000, 0x0000000081000000, 0x0000000081000000|100%| O|  |TAMS 0x0000000080f00000| PB 0x0000000080f00000| Untracked 
|  16|0x0000000081000000, 0x0000000081100000, 0x0000000081100000|100%| O|  |TAMS 0x0000000081000000| PB 0x0000000081000000| Untracked 
|  17|0x0000000081100000, 0x0000000081200000, 0x0000000081200000|100%| O|  |TAMS 0x0000000081100000| PB 0x0000000081100000| Untracked 
|  18|0x0000000081200000, 0x0000000081300000, 0x0000000081300000|100%| O|  |TAMS 0x0000000081200000| PB 0x0000000081200000| Untracked 
|  19|0x0000000081300000, 0x0000000081400000, 0x0000000081400000|100%| O|  |TAMS 0x0000000081300000| PB 0x0000000081300000| Untracked 
|  20|0x0000000081400000, 0x0000000081500000, 0x0000000081500000|100%| O|  |TAMS 0x0000000081400000| PB 0x0000000081400000| Untracked 
|  21|0x0000000081500000, 0x0000000081600000, 0x0000000081600000|100%| O|  |TAMS 0x0000000081500000| PB 0x0000000081500000| Untracked 
|  22|0x0000000081600000, 0x0000000081700000, 0x0000000081700000|100%| O|Cm|TAMS 0x0000000081600000| PB 0x0000000081600000| Complete 
|  23|0x0000000081700000, 0x0000000081800000, 0x0000000081800000|100%| O|  |TAMS 0x0000000081700000| PB 0x0000000081700000| Untracked 
|  24|0x0000000081800000, 0x0000000081900000, 0x0000000081900000|100%| O|  |TAMS 0x0000000081800000| PB 0x0000000081800000| Untracked 
|  25|0x0000000081900000, 0x0000000081a00000, 0x0000000081a00000|100%| O|  |TAMS 0x0000000081900000| PB 0x0000000081900000| Untracked 
|  26|0x0000000081a00000, 0x0000000081b00000, 0x0000000081b00000|100%| O|  |TAMS 0x0000000081a00000| PB 0x0000000081a00000| Untracked 
|  27|0x0000000081b00000, 0x0000000081c00000, 0x0000000081c00000|100%| O|  |TAMS 0x0000000081b00000| PB 0x0000000081b00000| Untracked 
|  28|0x0000000081c00000, 0x0000000081d00000, 0x0000000081d00000|100%| O|  |TAMS 0x0000000081c00000| PB 0x0000000081c00000| Untracked 
|  29|0x0000000081d00000, 0x0000000081e00000, 0x0000000081e00000|100%| O|  |TAMS 0x0000000081d00000| PB 0x0000000081d00000| Untracked 
|  30|0x0000000081e00000, 0x0000000081f00000, 0x0000000081f00000|100%| O|  |TAMS 0x0000000081e00000| PB 0x0000000081e00000| Untracked 
|  31|0x0000000081f00000, 0x0000000082000000, 0x0000000082000000|100%| O|  |TAMS 0x0000000081f00000| PB 0x0000000081f00000| Untracked 
|  32|0x0000000082000000, 0x000000008203aa40, 0x0000000082100000| 22%| O|  |TAMS 0x0000000082000000| PB 0x0000000082000000| Untracked 
|  33|0x0000000082100000, 0x0000000082100000, 0x0000000082200000|  0%| F|  |TAMS 0x0000000082100000| PB 0x0000000082100000| Untracked 
|  34|0x0000000082200000, 0x0000000082200000, 0x0000000082300000|  0%| F|  |TAMS 0x0000000082200000| PB 0x0000000082200000| Untracked 
|  35|0x0000000082300000, 0x0000000082300000, 0x0000000082400000|  0%| F|  |TAMS 0x0000000082300000| PB 0x0000000082300000| Untracked 
|  36|0x0000000082400000, 0x0000000082500000, 0x0000000082500000|100%| O|  |TAMS 0x0000000082400000| PB 0x0000000082400000| Untracked 
|  37|0x0000000082500000, 0x0000000082600000, 0x0000000082600000|100%| O|  |TAMS 0x0000000082500000| PB 0x0000000082500000| Untracked 
|  38|0x0000000082600000, 0x00000000826d0240, 0x0000000082700000| 81%| S|CS|TAMS 0x0000000082600000| PB 0x0000000082600000| Complete 
|  39|0x0000000082700000, 0x0000000082800000, 0x0000000082800000|100%| S|CS|TAMS 0x0000000082700000| PB 0x0000000082700000| Complete 
|  40|0x0000000082800000, 0x0000000082900000, 0x0000000082900000|100%| S|CS|TAMS 0x0000000082800000| PB 0x0000000082800000| Complete 
|  41|0x0000000082900000, 0x0000000082a00000, 0x0000000082a00000|100%| S|CS|TAMS 0x0000000082900000| PB 0x0000000082900000| Complete 
|  42|0x0000000082a00000, 0x0000000082b00000, 0x0000000082b00000|100%| S|CS|TAMS 0x0000000082a00000| PB 0x0000000082a00000| Complete 
|  43|0x0000000082b00000, 0x0000000082b00000, 0x0000000082c00000|  0%| F|  |TAMS 0x0000000082b00000| PB 0x0000000082b00000| Untracked 
|  44|0x0000000082c00000, 0x0000000082c00000, 0x0000000082d00000|  0%| F|  |TAMS 0x0000000082c00000| PB 0x0000000082c00000| Untracked 
|  45|0x0000000082d00000, 0x0000000082d00000, 0x0000000082e00000|  0%| F|  |TAMS 0x0000000082d00000| PB 0x0000000082d00000| Untracked 
|  46|0x0000000082e00000, 0x0000000082e00000, 0x0000000082f00000|  0%| F|  |TAMS 0x0000000082e00000| PB 0x0000000082e00000| Untracked 
|  47|0x0000000082f00000, 0x0000000082f00000, 0x0000000083000000|  0%| F|  |TAMS 0x0000000082f00000| PB 0x0000000082f00000| Untracked 
|  48|0x0000000083000000, 0x0000000083000000, 0x0000000083100000|  0%| F|  |TAMS 0x0000000083000000| PB 0x0000000083000000| Untracked 
|  49|0x0000000083100000, 0x0000000083100000, 0x0000000083200000|  0%| F|  |TAMS 0x0000000083100000| PB 0x0000000083100000| Untracked 
|  50|0x0000000083200000, 0x0000000083200000, 0x0000000083300000|  0%| F|  |TAMS 0x0000000083200000| PB 0x0000000083200000| Untracked 
|  51|0x0000000083300000, 0x0000000083300000, 0x0000000083400000|  0%| F|  |TAMS 0x0000000083300000| PB 0x0000000083300000| Untracked 
|  52|0x0000000083400000, 0x0000000083400000, 0x0000000083500000|  0%| F|  |TAMS 0x0000000083400000| PB 0x0000000083400000| Untracked 
|  53|0x0000000083500000, 0x0000000083500000, 0x0000000083600000|  0%| F|  |TAMS 0x0000000083500000| PB 0x0000000083500000| Untracked 
|  54|0x0000000083600000, 0x0000000083600000, 0x0000000083700000|  0%| F|  |TAMS 0x0000000083600000| PB 0x0000000083600000| Untracked 
|  55|0x0000000083700000, 0x0000000083700000, 0x0000000083800000|  0%| F|  |TAMS 0x0000000083700000| PB 0x0000000083700000| Untracked 
|  56|0x0000000083800000, 0x0000000083800000, 0x0000000083900000|  0%| F|  |TAMS 0x0000000083800000| PB 0x0000000083800000| Untracked 
|  57|0x0000000083900000, 0x0000000083900000, 0x0000000083a00000|  0%| F|  |TAMS 0x0000000083900000| PB 0x0000000083900000| Untracked 
|  58|0x0000000083a00000, 0x0000000083a00000, 0x0000000083b00000|  0%| F|  |TAMS 0x0000000083a00000| PB 0x0000000083a00000| Untracked 
|  59|0x0000000083b00000, 0x0000000083b00000, 0x0000000083c00000|  0%| F|  |TAMS 0x0000000083b00000| PB 0x0000000083b00000| Untracked 
|  60|0x0000000083c00000, 0x0000000083c00000, 0x0000000083d00000|  0%| F|  |TAMS 0x0000000083c00000| PB 0x0000000083c00000| Untracked 
|  61|0x0000000083d00000, 0x0000000083d00000, 0x0000000083e00000|  0%| F|  |TAMS 0x0000000083d00000| PB 0x0000000083d00000| Untracked 
|  62|0x0000000083e00000, 0x0000000083e00000, 0x0000000083f00000|  0%| F|  |TAMS 0x0000000083e00000| PB 0x0000000083e00000| Untracked 
|  63|0x0000000083f00000, 0x0000000083f00000, 0x0000000084000000|  0%| F|  |TAMS 0x0000000083f00000| PB 0x0000000083f00000| Untracked 
|  64|0x0000000084000000, 0x0000000084000000, 0x0000000084100000|  0%| F|  |TAMS 0x0000000084000000| PB 0x0000000084000000| Untracked 
|  65|0x0000000084100000, 0x0000000084100000, 0x0000000084200000|  0%| F|  |TAMS 0x0000000084100000| PB 0x0000000084100000| Untracked 
|  66|0x0000000084200000, 0x0000000084200000, 0x0000000084300000|  0%| F|  |TAMS 0x0000000084200000| PB 0x0000000084200000| Untracked 
|  67|0x0000000084300000, 0x0000000084300000, 0x0000000084400000|  0%| F|  |TAMS 0x0000000084300000| PB 0x0000000084300000| Untracked 
|  68|0x0000000084400000, 0x0000000084400000, 0x0000000084500000|  0%| F|  |TAMS 0x0000000084400000| PB 0x0000000084400000| Untracked 
|  69|0x0000000084500000, 0x0000000084500000, 0x0000000084600000|  0%| F|  |TAMS 0x0000000084500000| PB 0x0000000084500000| Untracked 
|  70|0x0000000084600000, 0x0000000084600000, 0x0000000084700000|  0%| F|  |TAMS 0x0000000084600000| PB 0x0000000084600000| Untracked 
|  71|0x0000000084700000, 0x0000000084700000, 0x0000000084800000|  0%| F|  |TAMS 0x0000000084700000| PB 0x0000000084700000| Untracked 
|  72|0x0000000084800000, 0x0000000084800000, 0x0000000084900000|  0%| F|  |TAMS 0x0000000084800000| PB 0x0000000084800000| Untracked 
|  73|0x0000000084900000, 0x0000000084900000, 0x0000000084a00000|  0%| F|  |TAMS 0x0000000084900000| PB 0x0000000084900000| Untracked 
|  74|0x0000000084a00000, 0x0000000084a00000, 0x0000000084b00000|  0%| F|  |TAMS 0x0000000084a00000| PB 0x0000000084a00000| Untracked 
|  75|0x0000000084b00000, 0x0000000084b00000, 0x0000000084c00000|  0%| F|  |TAMS 0x0000000084b00000| PB 0x0000000084b00000| Untracked 
|  76|0x0000000084c00000, 0x0000000084c00000, 0x0000000084d00000|  0%| F|  |TAMS 0x0000000084c00000| PB 0x0000000084c00000| Untracked 
| 222|0x000000008de00000, 0x000000008de00000, 0x000000008df00000|  0%| F|  |TAMS 0x000000008de00000| PB 0x000000008de00000| Untracked 
| 223|0x000000008df00000, 0x000000008df00000, 0x000000008e000000|  0%| F|  |TAMS 0x000000008df00000| PB 0x000000008df00000| Untracked 
| 224|0x000000008e000000, 0x000000008e000000, 0x000000008e100000|  0%| F|  |TAMS 0x000000008e000000| PB 0x000000008e000000| Untracked 
| 225|0x000000008e100000, 0x000000008e100000, 0x000000008e200000|  0%| F|  |TAMS 0x000000008e100000| PB 0x000000008e100000| Untracked 
| 226|0x000000008e200000, 0x000000008e200000, 0x000000008e300000|  0%| F|  |TAMS 0x000000008e200000| PB 0x000000008e200000| Untracked 
| 227|0x000000008e300000, 0x000000008e300000, 0x000000008e400000|  0%| F|  |TAMS 0x000000008e300000| PB 0x000000008e300000| Untracked 
| 228|0x000000008e400000, 0x000000008e400000, 0x000000008e500000|  0%| F|  |TAMS 0x000000008e400000| PB 0x000000008e400000| Untracked 
| 229|0x000000008e500000, 0x000000008e500000, 0x000000008e600000|  0%| F|  |TAMS 0x000000008e500000| PB 0x000000008e500000| Untracked 
| 230|0x000000008e600000, 0x000000008e600000, 0x000000008e700000|  0%| F|  |TAMS 0x000000008e600000| PB 0x000000008e600000| Untracked 
| 253|0x000000008fd00000, 0x000000008fd00000, 0x000000008fe00000|  0%| F|  |TAMS 0x000000008fd00000| PB 0x000000008fd00000| Untracked 

Card table byte_map: [0x00000146f3610000,0x00000146f3a10000] _byte_map_base: 0x00000146f3210000

Marking Bits: (CMBitMap*) 0x00000146e08a42d0
 Bits: [0x00000146f3a10000, 0x00000146f5a10000)

Polling page: 0x00000146de610000

Metaspace:

Usage:
  Non-class:     54.11 MB used.
      Class:      8.67 MB used.
       Both:     62.79 MB used.

Virtual space:
  Non-class space:       64.00 MB reserved,      54.94 MB ( 86%) committed,  1 nodes.
      Class space:        1.00 GB reserved,       9.44 MB ( <1%) committed,  1 nodes.
             Both:        1.06 GB reserved,      64.38 MB (  6%) committed. 

Chunk freelists:
   Non-Class:  8.20 MB
       Class:  6.58 MB
        Both:  14.78 MB

MaxMetaspaceSize: unlimited
CompressedClassSpaceSize: 1.00 GB
Initial GC threshold: 21.00 MB
Current GC threshold: 98.75 MB
CDS: off
 - commit_granule_bytes: 65536.
 - commit_granule_words: 8192.
 - virtual_space_node_default_size: 8388608.
 - enlarge_chunks_in_place: 1.
 - use_allocation_guard: 0.


Internal statistics:

num_allocs_failed_limit: 9.
num_arena_births: 3000.
num_arena_deaths: 0.
num_vsnodes_births: 2.
num_vsnodes_deaths: 0.
num_space_committed: 1030.
num_space_uncommitted: 0.
num_chunks_returned_to_freelist: 9.
num_chunks_taken_from_freelist: 5516.
num_chunk_merges: 9.
num_chunk_splits: 3641.
num_chunks_enlarged: 2279.
num_inconsistent_stats: 0.

CodeHeap 'non-profiled nmethods': size=119168Kb used=3480Kb max_used=3480Kb free=115687Kb
 bounds [0x00000146eb530000, 0x00000146eb8a0000, 0x00000146f2990000]
CodeHeap 'profiled nmethods': size=119104Kb used=10538Kb max_used=10538Kb free=108566Kb
 bounds [0x00000146e3990000, 0x00000146e43e0000, 0x00000146eade0000]
CodeHeap 'non-nmethods': size=7488Kb used=3660Kb max_used=3731Kb free=3827Kb
 bounds [0x00000146eade0000, 0x00000146eb190000, 0x00000146eb530000]
 total_blobs=6153 nmethods=5404 adapters=650
 compilation: enabled
              stopped_count=0, restarted_count=0
 full_count=0

Compilation events (20 events):
Event: 10.191 Thread 0x00000146f8eeaaa0 nmethod 5983 0x00000146e43d5510 code [0x00000146e43d5700, 0x00000146e43d5bd0]
Event: 10.191 Thread 0x00000146f8eeb560 nmethod 5984 0x00000146e43d5d90 code [0x00000146e43d5f80, 0x00000146e43d63b0]
Event: 10.215 Thread 0x00000146f8eeaaa0 5985       3       org.objectweb.asm.SymbolTable::addConstantIntegerOrFloat (100 bytes)
Event: 10.216 Thread 0x00000146f8eeaaa0 nmethod 5985 0x00000146e43d6590 code [0x00000146e43d67a0, 0x00000146e43d6ce0]
Event: 10.218 Thread 0x00000146fe35e5b0 5986   !   3       com.google.common.collect.RegularImmutableMap::fromEntryArray (32 bytes)
Event: 10.218 Thread 0x00000146f8eeaaa0 5987       1       org.gradle.api.internal.attributes.DefaultImmutableAttributes::hashCode (5 bytes)
Event: 10.218 Thread 0x00000146f8eeaaa0 nmethod 5987 0x00000146eb895710 code [0x00000146eb8958a0, 0x00000146eb895968]
Event: 10.218 Thread 0x00000146fe35e5b0 nmethod 5986 0x00000146e43d6f90 code [0x00000146e43d7180, 0x00000146e43d7448]
Event: 10.221 Thread 0x00000146fe35e5b0 5988       3       org.gradle.api.attributes.Attribute::equals (57 bytes)
Event: 10.221 Thread 0x00000146f8eeb560 5989       3       com.google.common.base.Preconditions::checkNotNull (18 bytes)
Event: 10.222 Thread 0x00000146fe35e5b0 nmethod 5988 0x00000146e43d7590 code [0x00000146e43d7780, 0x00000146e43d7cb0]
Event: 10.222 Thread 0x00000146f8d3aee0 5990       3       com.google.common.collect.AbstractIterator::hasNext (65 bytes)
Event: 10.222 Thread 0x00000146f8eeb560 nmethod 5989 0x00000146e43d7e10 code [0x00000146e43d7fe0, 0x00000146e43d8340]
Event: 10.222 Thread 0x00000146f8d3aee0 nmethod 5990 0x00000146e43d8490 code [0x00000146e43d8680, 0x00000146e43d8aa0]
Event: 10.223 Thread 0x00000146f8d3aee0 5992       1       org.gradle.api.attributes.Attribute::getType (5 bytes)
Event: 10.223 Thread 0x00000146f8d3aee0 nmethod 5992 0x00000146eb895a10 code [0x00000146eb895ba0, 0x00000146eb895c68]
Event: 10.250 Thread 0x00000146f8eeaaa0 5993       1       org.gradle.internal.snapshot.impl.AbstractScalarValueSnapshot::getValue (5 bytes)
Event: 10.250 Thread 0x00000146f8eeaaa0 nmethod 5993 0x00000146eb895d10 code [0x00000146eb895ea0, 0x00000146eb895f68]
Event: 10.258 Thread 0x00000146f8eeb560 5994       3       com.esotericsoftware.kryo.io.Output::require (209 bytes)
Event: 10.260 Thread 0x00000146f8eeb560 nmethod 5994 0x00000146e43d8c10 code [0x00000146e43d8f80, 0x00000146e43da180]

GC Heap History (20 events):
Event: 2.235 GC heap after
{Heap after GC invocations=3 (full 0):
 garbage-first heap   total 260096K, used 17746K [0x0000000080000000, 0x0000000100000000)
  region size 1024K, 6 young (6144K), 6 survivors (6144K)
 Metaspace       used 14219K, committed 14464K, reserved 1114112K
  class space    used 1559K, committed 1664K, reserved 1048576K
}
Event: 3.015 GC heap before
{Heap before GC invocations=3 (full 0):
 garbage-first heap   total 260096K, used 40274K [0x0000000080000000, 0x0000000100000000)
  region size 1024K, 29 young (29696K), 6 survivors (6144K)
 Metaspace       used 21175K, committed 21504K, reserved 1114112K
  class space    used 2446K, committed 2624K, reserved 1048576K
}
Event: 3.026 GC heap after
{Heap after GC invocations=4 (full 0):
 garbage-first heap   total 260096K, used 20818K [0x0000000080000000, 0x0000000100000000)
  region size 1024K, 9 young (9216K), 9 survivors (9216K)
 Metaspace       used 21175K, committed 21504K, reserved 1114112K
  class space    used 2446K, committed 2624K, reserved 1048576K
}
Event: 4.391 GC heap before
{Heap before GC invocations=5 (full 0):
 garbage-first heap   total 75776K, used 74066K [0x0000000080000000, 0x0000000100000000)
  region size 1024K, 62 young (63488K), 9 survivors (9216K)
 Metaspace       used 29781K, committed 30336K, reserved 1114112K
  class space    used 3841K, committed 4096K, reserved 1048576K
}
Event: 4.405 GC heap after
{Heap after GC invocations=6 (full 0):
 garbage-first heap   total 89088K, used 24048K [0x0000000080000000, 0x0000000100000000)
  region size 1024K, 13 young (13312K), 13 survivors (13312K)
 Metaspace       used 29781K, committed 30336K, reserved 1114112K
  class space    used 3841K, committed 4096K, reserved 1048576K
}
Event: 5.310 GC heap before
{Heap before GC invocations=6 (full 0):
 garbage-first heap   total 89088K, used 62960K [0x0000000080000000, 0x0000000100000000)
  region size 1024K, 52 young (53248K), 13 survivors (13312K)
 Metaspace       used 35066K, committed 35904K, reserved 1114112K
  class space    used 4710K, committed 5120K, reserved 1048576K
}
Event: 5.319 GC heap after
{Heap after GC invocations=7 (full 0):
 garbage-first heap   total 89088K, used 26370K [0x0000000080000000, 0x0000000100000000)
  region size 1024K, 6 young (6144K), 6 survivors (6144K)
 Metaspace       used 35066K, committed 35904K, reserved 1114112K
  class space    used 4710K, committed 5120K, reserved 1048576K
}
Event: 5.391 GC heap before
{Heap before GC invocations=7 (full 0):
 garbage-first heap   total 89088K, used 28418K [0x0000000080000000, 0x0000000100000000)
  region size 1024K, 9 young (9216K), 6 survivors (6144K)
 Metaspace       used 35360K, committed 36096K, reserved 1114112K
  class space    used 4758K, committed 5120K, reserved 1048576K
}
Event: 5.398 GC heap after
{Heap after GC invocations=8 (full 0):
 garbage-first heap   total 89088K, used 26585K [0x0000000080000000, 0x0000000100000000)
  region size 1024K, 3 young (3072K), 3 survivors (3072K)
 Metaspace       used 35360K, committed 36096K, reserved 1114112K
  class space    used 4758K, committed 5120K, reserved 1048576K
}
Event: 6.547 GC heap before
{Heap before GC invocations=9 (full 0):
 garbage-first heap   total 89088K, used 75737K [0x0000000080000000, 0x0000000100000000)
  region size 1024K, 51 young (52224K), 3 survivors (3072K)
 Metaspace       used 44085K, committed 45248K, reserved 1114112K
  class space    used 5952K, committed 6528K, reserved 1048576K
}
Event: 6.553 GC heap after
{Heap after GC invocations=10 (full 0):
 garbage-first heap   total 89088K, used 30535K [0x0000000080000000, 0x0000000100000000)
  region size 1024K, 7 young (7168K), 7 survivors (7168K)
 Metaspace       used 44085K, committed 45248K, reserved 1114112K
  class space    used 5952K, committed 6528K, reserved 1048576K
}
Event: 7.013 GC heap before
{Heap before GC invocations=10 (full 0):
 garbage-first heap   total 89088K, used 74567K [0x0000000080000000, 0x0000000100000000)
  region size 1024K, 51 young (52224K), 7 survivors (7168K)
 Metaspace       used 46515K, committed 47744K, reserved 1114112K
  class space    used 6256K, committed 6848K, reserved 1048576K
}
Event: 7.020 GC heap after
{Heap after GC invocations=11 (full 0):
 garbage-first heap   total 89088K, used 32984K [0x0000000080000000, 0x0000000100000000)
  region size 1024K, 3 young (3072K), 3 survivors (3072K)
 Metaspace       used 46515K, committed 47744K, reserved 1114112K
  class space    used 6256K, committed 6848K, reserved 1048576K
}
Event: 8.075 GC heap before
{Heap before GC invocations=11 (full 0):
 garbage-first heap   total 89088K, used 77016K [0x0000000080000000, 0x0000000100000000)
  region size 1024K, 46 young (47104K), 3 survivors (3072K)
 Metaspace       used 51254K, committed 52672K, reserved 1114112K
  class space    used 7053K, committed 7744K, reserved 1048576K
}
Event: 8.079 GC heap after
{Heap after GC invocations=12 (full 0):
 garbage-first heap   total 89088K, used 35031K [0x0000000080000000, 0x0000000100000000)
  region size 1024K, 5 young (5120K), 5 survivors (5120K)
 Metaspace       used 51254K, committed 52672K, reserved 1114112K
  class space    used 7053K, committed 7744K, reserved 1048576K
}
Event: 8.985 GC heap before
{Heap before GC invocations=12 (full 0):
 garbage-first heap   total 89088K, used 78039K [0x0000000080000000, 0x0000000100000000)
  region size 1024K, 46 young (47104K), 5 survivors (5120K)
 Metaspace       used 57703K, committed 59200K, reserved 1114112K
  class space    used 7847K, committed 8576K, reserved 1048576K
}
Event: 8.989 GC heap after
{Heap after GC invocations=13 (full 0):
 garbage-first heap   total 89088K, used 36742K [0x0000000080000000, 0x0000000100000000)
  region size 1024K, 5 young (5120K), 5 survivors (5120K)
 Metaspace       used 57703K, committed 59200K, reserved 1114112K
  class space    used 7847K, committed 8576K, reserved 1048576K
}
Event: 9.124 GC heap before
{Heap before GC invocations=13 (full 0):
 garbage-first heap   total 89088K, used 42886K [0x0000000080000000, 0x0000000100000000)
  region size 1024K, 12 young (12288K), 5 survivors (5120K)
 Metaspace       used 59013K, committed 60480K, reserved 1114112K
  class space    used 8051K, committed 8768K, reserved 1048576K
}
Event: 9.129 GC heap after
{Heap after GC invocations=14 (full 0):
 garbage-first heap   total 89088K, used 37474K [0x0000000080000000, 0x0000000100000000)
  region size 1024K, 3 young (3072K), 3 survivors (3072K)
 Metaspace       used 59013K, committed 60480K, reserved 1114112K
  class space    used 8051K, committed 8768K, reserved 1048576K
}
Event: 10.263 GC heap before
{Heap before GC invocations=15 (full 0):
 garbage-first heap   total 89088K, used 79458K [0x0000000080000000, 0x0000000100000000)
  region size 1024K, 44 young (45056K), 3 survivors (3072K)
 Metaspace       used 64294K, committed 65920K, reserved 1114112K
  class space    used 8880K, committed 9664K, reserved 1048576K
}

Dll operation events (3 events):
Event: 0.014 Loaded shared library C:\Program Files\Android\Android Studio1\jbr\bin\java.dll
Event: 0.027 Loaded shared library C:\Program Files\Android\Android Studio1\jbr\bin\zip.dll
Event: 0.767 Loaded shared library C:\Program Files\Android\Android Studio1\jbr\bin\verify.dll

Deoptimization events (20 events):
Event: 10.067 Thread 0x00000146ff368420 Uncommon trap: trap_request=0xffffffc6 fr.pc=0x00000146eb6f4e6c relative=0x000000000000030c
Event: 10.067 Thread 0x00000146ff368420 Uncommon trap: reason=bimorphic_or_optimized_type_check action=maybe_recompile pc=0x00000146eb6f4e6c method=com.google.common.base.CharMatcher.indexIn(Ljava/lang/CharSequence;I)I @ 31 c2
Event: 10.067 Thread 0x00000146ff368420 DEOPT PACKING pc=0x00000146eb6f4e6c sp=0x00000036ec4f9660
Event: 10.067 Thread 0x00000146ff368420 DEOPT UNPACKING pc=0x00000146eae346a2 sp=0x00000036ec4f9608 mode 2
Event: 10.071 Thread 0x00000146ff368420 Uncommon trap: trap_request=0xffffffc6 fr.pc=0x00000146eb6f4e6c relative=0x000000000000030c
Event: 10.071 Thread 0x00000146ff368420 Uncommon trap: reason=bimorphic_or_optimized_type_check action=maybe_recompile pc=0x00000146eb6f4e6c method=com.google.common.base.CharMatcher.indexIn(Ljava/lang/CharSequence;I)I @ 31 c2
Event: 10.071 Thread 0x00000146ff368420 DEOPT PACKING pc=0x00000146eb6f4e6c sp=0x00000036ec4f9660
Event: 10.071 Thread 0x00000146ff368420 DEOPT UNPACKING pc=0x00000146eae346a2 sp=0x00000036ec4f9608 mode 2
Event: 10.084 Thread 0x00000146ff368420 Uncommon trap: trap_request=0xffffffc6 fr.pc=0x00000146eb6f4e6c relative=0x000000000000030c
Event: 10.084 Thread 0x00000146ff368420 Uncommon trap: reason=bimorphic_or_optimized_type_check action=maybe_recompile pc=0x00000146eb6f4e6c method=com.google.common.base.CharMatcher.indexIn(Ljava/lang/CharSequence;I)I @ 31 c2
Event: 10.084 Thread 0x00000146ff368420 DEOPT PACKING pc=0x00000146eb6f4e6c sp=0x00000036ec4f8e50
Event: 10.084 Thread 0x00000146ff368420 DEOPT UNPACKING pc=0x00000146eae346a2 sp=0x00000036ec4f8df8 mode 2
Event: 10.152 Thread 0x00000146ff368420 Uncommon trap: trap_request=0xffffffc6 fr.pc=0x00000146eb773370 relative=0x00000000000005d0
Event: 10.152 Thread 0x00000146ff368420 Uncommon trap: reason=bimorphic_or_optimized_type_check action=maybe_recompile pc=0x00000146eb773370 method=java.util.regex.Pattern$Slice.match(Ljava/util/regex/Matcher;ILjava/lang/CharSequence;)Z @ 75 c2
Event: 10.152 Thread 0x00000146ff368420 DEOPT PACKING pc=0x00000146eb773370 sp=0x00000036ec4f7f00
Event: 10.152 Thread 0x00000146ff368420 DEOPT UNPACKING pc=0x00000146eae346a2 sp=0x00000036ec4f7e18 mode 2
Event: 10.231 Thread 0x00000146ff368420 Uncommon trap: trap_request=0xffffffc6 fr.pc=0x00000146eb773370 relative=0x00000000000005d0
Event: 10.231 Thread 0x00000146ff368420 Uncommon trap: reason=bimorphic_or_optimized_type_check action=maybe_recompile pc=0x00000146eb773370 method=java.util.regex.Pattern$Slice.match(Ljava/util/regex/Matcher;ILjava/lang/CharSequence;)Z @ 75 c2
Event: 10.231 Thread 0x00000146ff368420 DEOPT PACKING pc=0x00000146eb773370 sp=0x00000036ec4f76b0
Event: 10.231 Thread 0x00000146ff368420 DEOPT UNPACKING pc=0x00000146eae346a2 sp=0x00000036ec4f75c8 mode 2

Classes loaded (20 events):
Event: 10.031 Loading class sun/util/logging/internal/LoggingProviderImpl$JULWrapper
Event: 10.032 Loading class sun/util/logging/PlatformLogger$ConfigurableBridge$LoggerConfiguration
Event: 10.032 Loading class sun/util/logging/PlatformLogger$ConfigurableBridge$LoggerConfiguration done
Event: 10.032 Loading class sun/util/logging/internal/LoggingProviderImpl$JULWrapper done
Event: 10.033 Loading class java/io/ObjectInputFilter$Config$BuiltinFilterFactory
Event: 10.033 Loading class java/io/ObjectInputFilter$Config$BuiltinFilterFactory done
Event: 10.033 Loading class jdk/internal/access/JavaObjectInputFilterAccess
Event: 10.033 Loading class jdk/internal/access/JavaObjectInputFilterAccess done
Event: 10.033 Loading class java/lang/System$Logger$Level
Event: 10.034 Loading class java/lang/System$Logger$Level done
Event: 10.034 Loading class jdk/internal/event/DeserializationEvent
Event: 10.034 Loading class jdk/internal/event/DeserializationEvent done
Event: 10.034 Loading class java/io/ObjectInputStream$FieldValues
Event: 10.035 Loading class java/io/ObjectInputStream$GetField
Event: 10.035 Loading class java/io/ObjectInputStream$GetField done
Event: 10.035 Loading class java/io/ObjectInputStream$FieldValues done
Event: 10.042 Loading class sun/reflect/ReflectionFactory
Event: 10.043 Loading class sun/reflect/ReflectionFactory done
Event: 10.043 Loading class sun/reflect/ReflectionFactory$1
Event: 10.043 Loading class sun/reflect/ReflectionFactory$1 done

Classes unloaded (0 events):
No events

Classes redefined (0 events):
No events

Internal exceptions (20 events):
Event: 9.478 Thread 0x00000146ff367070 Exception <a 'java/lang/NoSuchMethodError'{0x000000008462bb88}: static Lorg/gradle/internal/build/event/types/DefaultOperationDescriptor;.<clinit>()V> (0x000000008462bb88) 
thrown [s\src\hotspot\share\prims\jni.cpp, line 1126]
Event: 9.479 Thread 0x00000146ff367070 Exception <a 'java/lang/NoSuchMethodError'{0x0000000084630be0}: 'long java.lang.invoke.DirectMethodHandle$Holder.invokeSpecial(java.lang.Object, java.lang.Object)'> (0x0000000084630be0) 
thrown [s\src\hotspot\share\interpreter\linkResolver.cpp, line 784]
Event: 9.479 Thread 0x00000146ff367070 Exception <a 'java/lang/NoSuchMethodError'{0x0000000084633fb0}: 'long java.lang.invoke.Invokers$Holder.invokeExact_MT(java.lang.Object, java.lang.Object)'> (0x0000000084633fb0) 
thrown [s\src\hotspot\share\interpreter\linkResolver.cpp, line 784]
Event: 9.482 Thread 0x00000146ff367070 Exception <a 'java/lang/NoSuchMethodError'{0x000000008464b150}: static Lorg/gradle/internal/operations/OperationIdentifier;.<clinit>()V> (0x000000008464b150) 
thrown [s\src\hotspot\share\prims\jni.cpp, line 1126]
Event: 9.606 Thread 0x00000146ff368420 Exception <a 'java/lang/NoSuchMethodError'{0x00000000841cca28}: 'long java.lang.invoke.DirectMethodHandle$Holder.invokeStatic(java.lang.Object, long)'> (0x00000000841cca28) 
thrown [s\src\hotspot\share\interpreter\linkResolver.cpp, line 784]
Event: 9.681 Thread 0x00000146ff368420 Implicit null exception at 0x00000146eb7e1bcc to 0x00000146eb7e1f18
Event: 9.825 Thread 0x00000146ff368420 Exception <a 'java/lang/NoSuchMethodError'{0x0000000083869c28}: 'java.lang.Object java.lang.invoke.DirectMethodHandle$Holder.invokeVirtual(java.lang.Object, java.lang.Object, java.lang.Object, java.lang.Object, java.lang.Object, java.lang.Object, java.lang.Object, java.lang.Object, java.lang.Object, java.lang.Object, java.lang.Object, java.lang.Object, java.lang.Object, java.lang.Object, java.lang.Object, java.lang.Object, java.lang.Object)'> (0x0000000083869c28) 
thrown [s\src\hotspot\share\interpreter\li
Event: 9.826 Thread 0x00000146ff368420 Exception <a 'java/lang/NoSuchMethodError'{0x000000008386fbe0}: 'java.lang.Object java.lang.invoke.DirectMethodHandle$Holder.invokeSpecial(java.lang.Object, java.lang.Object, java.lang.Object, java.lang.Object, java.lang.Object, java.lang.Object, java.lang.Object, java.lang.Object, java.lang.Object, java.lang.Object, java.lang.Object, java.lang.Object, java.lang.Object, java.lang.Object, java.lang.Object, java.lang.Object, java.lang.Object, java.lang.Object)'> (0x000000008386fbe0) 
thrown [s\src\hotspot\sh
Event: 9.826 Thread 0x00000146ff368420 Exception <a 'java/lang/NoSuchMethodError'{0x0000000083875128}: 'java.lang.Object java.lang.invoke.DelegatingMethodHandle$Holder.reinvoke_L(java.lang.Object, java.lang.Object, java.lang.Object, java.lang.Object, java.lang.Object, java.lang.Object, java.lang.Object, java.lang.Object, java.lang.Object, java.lang.Object, java.lang.Object, java.lang.Object, java.lang.Object, java.lang.Object, java.lang.Object, java.lang.Object, java.lang.Object)'> (0x0000000083875128) 
thrown [s\src\hotspot\share\interpreter\l
Event: 9.839 Thread 0x00000146ff368420 Exception <a 'java/lang/NoSuchMethodError'{0x000000008372ac58}: 'void java.lang.invoke.DirectMethodHandle$Holder.invokeStatic(java.lang.Object, java.lang.Object, java.lang.Object, java.lang.Object, java.lang.Object, java.lang.Object)'> (0x000000008372ac58) 
thrown [s\src\hotspot\share\interpreter\linkResolver.cpp, line 784]
Event: 9.991 Thread 0x00000146ff368420 Exception <a 'java/lang/NoSuchMethodError'{0x000000008333ce70}: static Lorg/gradle/api/internal/catalog/DefaultVersionCatalog;.<clinit>()V> (0x000000008333ce70) 
thrown [s\src\hotspot\share\prims\jni.cpp, line 1126]
Event: 10.004 Thread 0x00000146ff368420 Exception <a 'java/lang/NoSuchMethodError'{0x000000008338ea60}: static [Ljava/lang/Object;.<clinit>()V> (0x000000008338ea60) 
thrown [s\src\hotspot\share\prims\jni.cpp, line 1126]
Event: 10.007 Thread 0x00000146ff368420 Exception <a 'java/lang/NoSuchMethodError'{0x00000000833b6168}: static Lorg/gradle/api/internal/catalog/DependencyModel;.<clinit>()V> (0x00000000833b6168) 
thrown [s\src\hotspot\share\prims\jni.cpp, line 1126]
Event: 10.008 Thread 0x00000146ff368420 Exception <a 'java/lang/NoSuchMethodError'{0x00000000833b9f78}: static Lorg/gradle/api/internal/catalog/AbstractContextAwareModel;.<clinit>()V> (0x00000000833b9f78) 
thrown [s\src\hotspot\share\prims\jni.cpp, line 1126]
Event: 10.009 Thread 0x00000146ff368420 Exception <a 'java/lang/NoSuchMethodError'{0x00000000833d3828}: static Lorg/gradle/api/internal/artifacts/dependencies/AbstractVersionConstraint;.<clinit>()V> (0x00000000833d3828) 
thrown [s\src\hotspot\share\prims\jni.cpp, line 1126]
Event: 10.018 Thread 0x00000146ff368420 Exception <a 'java/lang/NoSuchMethodError'{0x0000000083233668}: static Lorg/gradle/api/internal/catalog/PluginModel;.<clinit>()V> (0x0000000083233668) 
thrown [s\src\hotspot\share\prims\jni.cpp, line 1126]
Event: 10.020 Thread 0x00000146ff368420 Exception <a 'java/lang/NoSuchMethodError'{0x000000008324aaf8}: static Lorg/gradle/api/internal/catalog/VersionModel;.<clinit>()V> (0x000000008324aaf8) 
thrown [s\src\hotspot\share\prims\jni.cpp, line 1126]
Event: 10.025 Thread 0x00000146ff368420 Exception <a 'java/lang/NoSuchMethodError'{0x000000008326c248}: 'void java.lang.invoke.DirectMethodHandle$Holder.invokeSpecial(java.lang.Object, java.lang.Object, java.lang.Object, int)'> (0x000000008326c248) 
thrown [s\src\hotspot\share\interpreter\linkResolver.cpp, line 784]
Event: 10.170 Thread 0x00000146ff368420 Exception <a 'java/lang/NoSuchMethodError'{0x0000000082e71ec0}: 'int java.lang.invoke.DirectMethodHandle$Holder.invokeSpecialIFC(java.lang.Object, java.lang.Object, java.lang.Object)'> (0x0000000082e71ec0) 
thrown [s\src\hotspot\share\interpreter\linkResolver.cpp, line 784]
Event: 10.263 Thread 0x00000146ff368420 Exception <a 'java/lang/NoSuchMethodError'{0x0000000082bf6998}: 'java.lang.Object java.lang.invoke.DirectMethodHandle$Holder.invokeSpecial(java.lang.Object, java.lang.Object, java.lang.Object, java.lang.Object, java.lang.Object, long)'> (0x0000000082bf6998) 
thrown [s\src\hotspot\share\interpreter\linkResolver.cpp, line 784]

ZGC Phase Switch (0 events):
No events

VM Operations (20 events):
Event: 8.989 Executing VM operation: G1CollectForAllocation (G1 Evacuation Pause) done
Event: 9.124 Executing VM operation: CollectForMetadataAllocation (Metadata GC Threshold)
Event: 9.129 Executing VM operation: CollectForMetadataAllocation (Metadata GC Threshold) done
Event: 9.155 Executing VM operation: G1PauseRemark
Event: 9.161 Executing VM operation: G1PauseRemark done
Event: 9.172 Executing VM operation: G1PauseCleanup
Event: 9.172 Executing VM operation: G1PauseCleanup done
Event: 9.249 Executing VM operation: HandshakeAllThreads (Deoptimize)
Event: 9.249 Executing VM operation: HandshakeAllThreads (Deoptimize) done
Event: 9.368 Executing VM operation: HandshakeAllThreads (Deoptimize)
Event: 9.368 Executing VM operation: HandshakeAllThreads (Deoptimize) done
Event: 9.617 Executing VM operation: ICBufferFull
Event: 9.617 Executing VM operation: ICBufferFull done
Event: 9.996 Executing VM operation: HandshakeAllThreads (Deoptimize)
Event: 9.996 Executing VM operation: HandshakeAllThreads (Deoptimize) done
Event: 10.048 Executing VM operation: HandshakeAllThreads (Deoptimize)
Event: 10.048 Executing VM operation: HandshakeAllThreads (Deoptimize) done
Event: 10.228 Executing VM operation: ICBufferFull
Event: 10.228 Executing VM operation: ICBufferFull done
Event: 10.263 Executing VM operation: G1CollectForAllocation (G1 Evacuation Pause)

Events (20 events):
Event: 9.159 Thread 0x00000146f8c73f00 flushing nmethod 0x00000146eb6bf990
Event: 9.159 Thread 0x00000146f8c73f00 flushing nmethod 0x00000146eb64aa10
Event: 9.159 Thread 0x00000146f8c73f00 flushing nmethod 0x00000146eb6d8b90
Event: 9.159 Thread 0x00000146f8c73f00 flushing nmethod 0x00000146eb65af10
Event: 9.159 Thread 0x00000146f8c73f00 flushing nmethod 0x00000146eb68fd90
Event: 9.159 Thread 0x00000146f8c73f00 flushing nmethod 0x00000146eb666e10
Event: 9.159 Thread 0x00000146f8c73f00 flushing nmethod 0x00000146eb687b90
Event: 9.159 Thread 0x00000146f8c73f00 flushing nmethod 0x00000146eb659690
Event: 9.159 Thread 0x00000146f8c73f00 flushing nmethod 0x00000146eb5a0210
Event: 9.159 Thread 0x00000146f8c73f00 flushing nmethod 0x00000146eb62f310
Event: 9.159 Thread 0x00000146f8c73f00 flushing nmethod 0x00000146eb606210
Event: 9.159 Thread 0x00000146f8c73f00 flushing nmethod 0x00000146eb5dad10
Event: 9.159 Thread 0x00000146f8c73f00 flushing nmethod 0x00000146eb5e6510
Event: 9.159 Thread 0x00000146f8c73f00 flushing nmethod 0x00000146eb5bde90
Event: 9.159 Thread 0x00000146f8c73f00 flushing nmethod 0x00000146eb5c4e90
Event: 9.159 Thread 0x00000146f8c73f00 flushing nmethod 0x00000146eb5d8b10
Event: 9.159 Thread 0x00000146f8c73f00 flushing nmethod 0x00000146eb591d90
Event: 9.159 Thread 0x00000146f8c73f00 flushing nmethod 0x00000146eb557b90
Event: 9.159 Thread 0x00000146f8c73f00 flushing nmethod 0x00000146eb553290
Event: 9.518 Thread 0x00000146812e2dc0 Thread exited: 0x00000146812e2dc0


Dynamic libraries:
0x00007ff6dfcf0000 - 0x00007ff6dfcfa000 	C:\Program Files\Android\Android Studio1\jbr\bin\java.exe
0x00007ffb5b990000 - 0x00007ffb5bba7000 	C:\Windows\SYSTEM32\ntdll.dll
0x00007ffb5a740000 - 0x00007ffb5a804000 	C:\Windows\System32\KERNEL32.DLL
0x00007ffb59100000 - 0x00007ffb594ba000 	C:\Windows\System32\KERNELBASE.dll
0x00007ffb58dd0000 - 0x00007ffb58ee1000 	C:\Windows\System32\ucrtbase.dll
0x00007ffb3e290000 - 0x00007ffb3e2ab000 	C:\Program Files\Android\Android Studio1\jbr\bin\VCRUNTIME140.dll
0x00007ffb44d80000 - 0x00007ffb44d98000 	C:\Program Files\Android\Android Studio1\jbr\bin\jli.dll
0x00007ffb5b740000 - 0x00007ffb5b8ee000 	C:\Windows\System32\USER32.dll
0x00007ffb58ce0000 - 0x00007ffb58d06000 	C:\Windows\System32\win32u.dll
0x00007ffb41ac0000 - 0x00007ffb41d52000 	C:\Windows\WinSxS\amd64_microsoft.windows.common-controls_6595b64144ccf1df_6.0.22621.4541_none_2710d1c57384c085\COMCTL32.dll
0x00007ffb5b520000 - 0x00007ffb5b549000 	C:\Windows\System32\GDI32.dll
0x00007ffb5a9a0000 - 0x00007ffb5aa47000 	C:\Windows\System32\msvcrt.dll
0x00007ffb594c0000 - 0x00007ffb595db000 	C:\Windows\System32\gdi32full.dll
0x00007ffb59060000 - 0x00007ffb590fa000 	C:\Windows\System32\msvcp_win.dll
0x00007ffb5b550000 - 0x00007ffb5b581000 	C:\Windows\System32\IMM32.DLL
0x00007ffb40130000 - 0x00007ffb4013c000 	C:\Program Files\Android\Android Studio1\jbr\bin\vcruntime140_1.dll
0x00007ffb42750000 - 0x00007ffb427dd000 	C:\Program Files\Android\Android Studio1\jbr\bin\msvcp140.dll
0x00007ffaee120000 - 0x00007ffaeed9d000 	C:\Program Files\Android\Android Studio1\jbr\bin\server\jvm.dll
0x00007ffb59930000 - 0x00007ffb599e2000 	C:\Windows\System32\ADVAPI32.dll
0x00007ffb5a690000 - 0x00007ffb5a737000 	C:\Windows\System32\sechost.dll
0x00007ffb595e0000 - 0x00007ffb59608000 	C:\Windows\System32\bcrypt.dll
0x00007ffb59810000 - 0x00007ffb59924000 	C:\Windows\System32\RPCRT4.dll
0x00007ffb59a00000 - 0x00007ffb59a71000 	C:\Windows\System32\WS2_32.dll
0x00007ffb58b30000 - 0x00007ffb58b7d000 	C:\Windows\SYSTEM32\POWRPROF.dll
0x00007ffb43e10000 - 0x00007ffb43e44000 	C:\Windows\SYSTEM32\WINMM.dll
0x00007ffb53300000 - 0x00007ffb5330a000 	C:\Windows\SYSTEM32\VERSION.dll
0x00007ffb58b10000 - 0x00007ffb58b23000 	C:\Windows\SYSTEM32\UMPDC.dll
0x00007ffb57c00000 - 0x00007ffb57c18000 	C:\Windows\SYSTEM32\kernel.appcore.dll
0x00007ffb3db50000 - 0x00007ffb3db5a000 	C:\Program Files\Android\Android Studio1\jbr\bin\jimage.dll
0x00007ffb3b7b0000 - 0x00007ffb3b9e2000 	C:\Windows\SYSTEM32\DBGHELP.DLL
0x00007ffb59a80000 - 0x00007ffb59e0f000 	C:\Windows\System32\combase.dll
0x00007ffb5b5f0000 - 0x00007ffb5b6c7000 	C:\Windows\System32\OLEAUT32.dll
0x00007ffb39d90000 - 0x00007ffb39dc2000 	C:\Windows\SYSTEM32\dbgcore.DLL
0x00007ffb58c60000 - 0x00007ffb58cdb000 	C:\Windows\System32\bcryptPrimitives.dll
0x00007ffb428f0000 - 0x00007ffb428fe000 	C:\Program Files\Android\Android Studio1\jbr\bin\instrument.dll
0x00007ffb26410000 - 0x00007ffb2642f000 	C:\Program Files\Android\Android Studio1\jbr\bin\java.dll
0x00007ffb240f0000 - 0x00007ffb24108000 	C:\Program Files\Android\Android Studio1\jbr\bin\zip.dll
0x00007ffb59e10000 - 0x00007ffb5a688000 	C:\Windows\System32\SHELL32.dll
0x00007ffb56b50000 - 0x00007ffb57458000 	C:\Windows\SYSTEM32\windows.storage.dll
0x00007ffb56a10000 - 0x00007ffb56b4f000 	C:\Windows\SYSTEM32\wintypes.dll
0x00007ffb5b420000 - 0x00007ffb5b51a000 	C:\Windows\System32\SHCORE.dll
0x00007ffb5b8f0000 - 0x00007ffb5b94e000 	C:\Windows\System32\shlwapi.dll
0x00007ffb58b90000 - 0x00007ffb58bbb000 	C:\Windows\SYSTEM32\profapi.dll
0x00007ffb3afc0000 - 0x00007ffb3afd0000 	C:\Program Files\Android\Android Studio1\jbr\bin\net.dll
0x00007ffb53950000 - 0x00007ffb53a86000 	C:\Windows\SYSTEM32\WINHTTP.dll
0x00007ffb580d0000 - 0x00007ffb58139000 	C:\Windows\system32\mswsock.dll
0x00007ffb18620000 - 0x00007ffb18636000 	C:\Program Files\Android\Android Studio1\jbr\bin\nio.dll
0x00007ffb328a0000 - 0x00007ffb328b0000 	C:\Program Files\Android\Android Studio1\jbr\bin\verify.dll
0x00007ffb3e5f0000 - 0x00007ffb3e617000 	C:\Users\Yaser Yjjou\.gradle\native\c067742578af261105cb4f569cf0c3c89f3d7b1fecec35dd04571415982c5e48\windows-amd64\native-platform.dll
0x00007ffb184d0000 - 0x00007ffb18614000 	C:\Users\Yaser Yjjou\.gradle\native\100fb08df4bc3b14c8652ba06237920a3bd2aa13389f12d3474272988ae205f9\windows-amd64\native-platform-file-events.dll
0x00007ffb34310000 - 0x00007ffb34319000 	C:\Program Files\Android\Android Studio1\jbr\bin\management.dll
0x00007ffb32db0000 - 0x00007ffb32dbb000 	C:\Program Files\Android\Android Studio1\jbr\bin\management_ext.dll
0x00007ffb5b0a0000 - 0x00007ffb5b0a8000 	C:\Windows\System32\PSAPI.DLL
0x00007ffb58420000 - 0x00007ffb5843b000 	C:\Windows\SYSTEM32\CRYPTSP.dll
0x00007ffb57bc0000 - 0x00007ffb57bf5000 	C:\Windows\system32\rsaenh.dll
0x00007ffb58170000 - 0x00007ffb58198000 	C:\Windows\SYSTEM32\USERENV.dll
0x00007ffb58400000 - 0x00007ffb5840c000 	C:\Windows\SYSTEM32\CRYPTBASE.dll
0x00007ffb576c0000 - 0x00007ffb576ed000 	C:\Windows\SYSTEM32\IPHLPAPI.DLL
0x00007ffb5b090000 - 0x00007ffb5b099000 	C:\Windows\System32\NSI.dll
0x00007ffb34db0000 - 0x00007ffb34db9000 	C:\Program Files\Android\Android Studio1\jbr\bin\extnet.dll
0x00007ffb42d40000 - 0x00007ffb42d48000 	C:\Windows\system32\wshunix.dll

dbghelp: loaded successfully - version: 4.0.5 - missing functions: none
symbol engine: initialized successfully - sym options: 0x614 - pdb path: .;C:\Program Files\Android\Android Studio1\jbr\bin;C:\Windows\SYSTEM32;C:\Windows\WinSxS\amd64_microsoft.windows.common-controls_6595b64144ccf1df_6.0.22621.4541_none_2710d1c57384c085;C:\Program Files\Android\Android Studio1\jbr\bin\server;C:\Users\Yaser Yjjou\.gradle\native\c067742578af261105cb4f569cf0c3c89f3d7b1fecec35dd04571415982c5e48\windows-amd64;C:\Users\Yaser Yjjou\.gradle\native\100fb08df4bc3b14c8652ba06237920a3bd2aa13389f12d3474272988ae205f9\windows-amd64

VM Arguments:
jvm_args: --add-opens=java.base/java.util=ALL-UNNAMED --add-opens=java.base/java.lang=ALL-UNNAMED --add-opens=java.base/java.lang.invoke=ALL-UNNAMED --add-opens=java.prefs/java.util.prefs=ALL-UNNAMED --add-exports=jdk.compiler/com.sun.tools.javac.api=ALL-UNNAMED --add-exports=jdk.compiler/com.sun.tools.javac.util=ALL-UNNAMED --add-opens=java.base/java.nio.charset=ALL-UNNAMED --add-opens=java.base/java.net=ALL-UNNAMED --add-opens=java.base/java.util.concurrent.atomic=ALL-UNNAMED -Xmx2048m -Dfile.encoding=UTF-8 -Duser.country=US -Duser.language=en -Duser.variant -javaagent:C:\Users\Yaser Yjjou\.gradle\wrapper\dists\gradle-8.9-bin\90cnw93cvbtalezasaz0blq0a\gradle-8.9\lib\agents\gradle-instrumentation-agent-8.9.jar 
java_command: org.gradle.launcher.daemon.bootstrap.GradleDaemon 8.9
java_class_path (initial): C:\Users\Yaser Yjjou\.gradle\wrapper\dists\gradle-8.9-bin\90cnw93cvbtalezasaz0blq0a\gradle-8.9\lib\gradle-daemon-main-8.9.jar
Launcher Type: SUN_STANDARD

[Global flags]
     intx CICompilerCount                          = 12                                        {product} {ergonomic}
     uint ConcGCThreads                            = 3                                         {product} {ergonomic}
     uint G1ConcRefinementThreads                  = 13                                        {product} {ergonomic}
   size_t G1HeapRegionSize                         = 1048576                                   {product} {ergonomic}
    uintx GCDrainStackTargetSize                   = 64                                        {product} {ergonomic}
   size_t InitialHeapSize                          = 266338304                                 {product} {ergonomic}
   size_t MarkStackSize                            = 4194304                                   {product} {ergonomic}
   size_t MaxHeapSize                              = 2147483648                                {product} {command line}
   size_t MaxNewSize                               = 1287651328                                {product} {ergonomic}
   size_t MinHeapDeltaBytes                        = 1048576                                   {product} {ergonomic}
   size_t MinHeapSize                              = 8388608                                   {product} {ergonomic}
    uintx NonNMethodCodeHeapSize                   = 7602480                                {pd product} {ergonomic}
    uintx NonProfiledCodeHeapSize                  = 122027880                              {pd product} {ergonomic}
    uintx ProfiledCodeHeapSize                     = 122027880                              {pd product} {ergonomic}
    uintx ReservedCodeCacheSize                    = 251658240                              {pd product} {ergonomic}
     bool SegmentedCodeCache                       = true                                      {product} {ergonomic}
   size_t SoftMaxHeapSize                          = 2147483648                             {manageable} {ergonomic}
     bool UseCompressedOops                        = true                           {product lp64_product} {ergonomic}
     bool UseG1GC                                  = true                                      {product} {ergonomic}
     bool UseLargePagesIndividualAllocation        = false                                  {pd product} {ergonomic}

Logging:
Log output configuration:
 #0: stdout all=warning uptime,level,tags foldmultilines=false
 #1: stderr all=off uptime,level,tags foldmultilines=false

Environment Variables:
PATH=C:\Program Files (x86)\Common Files\Oracle\Java\java8path;C:\Program Files (x86)\Common Files\Oracle\Java\javapath;C:\Windows\system32;C:\Windows;C:\Windows\System32\Wbem;C:\Windows\System32\WindowsPowerShell\v1.0\;C:\Windows\System32\OpenSSH\;C:\Program Files\Git\cmd;C:\Users\Yaser Yjjou\AppData\Local\Microsoft\WindowsApps;
USERNAME=Yaser
OS=Windows_NT
PROCESSOR_IDENTIFIER=Intel64 Family 6 Model 165 Stepping 5, GenuineIntel
TMP=C:\Users\YASERY~1\AppData\Local\Temp
TEMP=C:\Users\YASERY~1\AppData\Local\Temp




Periodic native trim disabled

JNI global refs:
JNI global refs: 36, weak refs: 0

JNI global refs memory usage: 835, weak refs: 833

Process memory usage:
Resident Set Size: 315344K (1% of 16548064K total physical memory with 1467960K free physical memory)

OOME stack traces (most recent first):
Classloader memory used:
Loader org.gradle.internal.classloader.VisitableURLClassLoader                         : 32193K
Loader bootstrap                                                                       : 22588K
Loader org.gradle.initialization.MixInLegacyTypesClassLoader                           : 8542K
Loader jdk.internal.loader.ClassLoaders$PlatformClassLoader                            : 512K
Loader jdk.internal.loader.ClassLoaders$AppClassLoader                                 : 230K
Loader org.gradle.internal.classloader.VisitableURLClassLoader                         : 155K
Loader jdk.internal.reflect.DelegatingClassLoader                                      : 71784B

Classes loaded by more than one classloader:
Class Program                                                                         : loaded 3 times (x 69B)
Class org.gradle.internal.classloader.ClassLoaderHierarchy                            : loaded 2 times (x 67B)
Class org.gradle.api.internal.classpath.ManifestUtil                                  : loaded 2 times (x 68B)
Class org.gradle.internal.classloader.DefaultClassLoaderFactory                       : loaded 2 times (x 79B)
Class org.gradle.internal.classloader.ClassLoaderVisitor                              : loaded 2 times (x 73B)
Class org.gradle.api.internal.classpath.EffectiveClassPath                            : loaded 2 times (x 87B)
Class org.gradle.api.internal.DefaultClassPathProvider                                : loaded 2 times (x 73B)
Class [Lorg.gradle.api.internal.ClassPathProvider;                                    : loaded 2 times (x 66B)
Class org.gradle.api.internal.ClassPathProvider                                       : loaded 2 times (x 67B)
Class org.gradle.internal.service.UnknownServiceException                             : loaded 2 times (x 80B)
Class org.gradle.internal.classpath.TransformedClassPath                              : loaded 2 times (x 93B)
Class org.gradle.internal.service.ServiceLocator                                      : loaded 2 times (x 67B)
Class org.gradle.internal.InternalTransformer                                         : loaded 2 times (x 67B)
Class org.gradle.internal.classloader.ClasspathUtil$1                                 : loaded 2 times (x 73B)
Class org.gradle.api.internal.classpath.DefaultModuleRegistry$DefaultModule           : loaded 2 times (x 83B)
Class org.gradle.api.internal.classpath.Module                                        : loaded 2 times (x 67B)
Class org.gradle.api.internal.classpath.UnknownModuleException                        : loaded 2 times (x 79B)
Class org.gradle.api.internal.DefaultClassPathRegistry                                : loaded 2 times (x 73B)
Class org.gradle.api.internal.ClassPathRegistry                                       : loaded 2 times (x 67B)
Class org.gradle.internal.classpath.DefaultClassPath$ImmutableUniqueList              : loaded 2 times (x 196B)
Class org.gradle.internal.classloader.FilteringClassLoader                            : loaded 2 times (x 102B)
Class Settings_gradle$1                                                               : loaded 2 times (x 71B)
Class org.gradle.internal.classpath.ClassPath                                         : loaded 2 times (x 67B)
Class org.gradle.api.UncheckedIOException                                             : loaded 2 times (x 79B)
Class org.gradle.internal.installation.GradleInstallation$1                           : loaded 2 times (x 72B)
Class org.gradle.api.internal.classpath.ModuleRegistry                                : loaded 2 times (x 67B)
Class org.gradle.api.internal.classpath.DefaultModuleRegistry                         : loaded 2 times (x 80B)
Class org.gradle.internal.service.ServiceLookupException                              : loaded 2 times (x 79B)
Class org.gradle.internal.classloader.ClassLoaderFactory                              : loaded 2 times (x 67B)
Class org.gradle.internal.service.CachingServiceLocator                               : loaded 2 times (x 79B)
Class org.gradle.internal.classloader.ClasspathUtil                                   : loaded 2 times (x 68B)
Class org.gradle.api.specs.Spec                                                       : loaded 2 times (x 67B)
Class org.gradle.internal.classloader.VisitableURLClassLoader$InstrumentingVisitableURLClassLoader: loaded 2 times (x 120B)
Class org.gradle.internal.classloader.VisitableURLClassLoader$Spec                    : loaded 2 times (x 71B)
Class org.gradle.internal.classpath.DefaultClassPath                                  : loaded 2 times (x 87B)
Class org.gradle.internal.classloader.ClassLoaderSpec                                 : loaded 2 times (x 68B)
Class Settings_gradle$1$1                                                             : loaded 2 times (x 71B)
Class org.gradle.internal.classloader.VisitableURLClassLoader                         : loaded 2 times (x 114B)
Class Settings_gradle                                                                 : loaded 2 times (x 125B)
Class org.gradle.internal.Cast                                                        : loaded 2 times (x 68B)
Class org.gradle.api.Action                                                           : loaded 2 times (x 67B)
Class org.gradle.internal.agents.InstrumentingClassLoader                             : loaded 2 times (x 67B)
Class org.gradle.internal.classpath.DefaultClassPath$ImmutableUniqueList$Builder      : loaded 2 times (x 72B)
Class org.gradle.api.GradleException                                                  : loaded 2 times (x 79B)
Class org.gradle.internal.IoActions                                                   : loaded 2 times (x 68B)
Class org.gradle.internal.classloader.SystemClassLoaderSpec                           : loaded 2 times (x 68B)
Class org.gradle.internal.installation.CurrentGradleInstallationLocator               : loaded 2 times (x 68B)
Class org.gradle.internal.service.DefaultServiceLocator                               : loaded 2 times (x 80B)
Class org.gradle.internal.installation.CurrentGradleInstallation                      : loaded 2 times (x 70B)
Class org.gradle.util.internal.GUtil                                                  : loaded 2 times (x 68B)
Class org.gradle.internal.installation.GradleInstallation                             : loaded 2 times (x 72B)

---------------  S Y S T E M  ---------------

OS:
 Windows 11 , 64 bit Build 22621 (10.0.22621.4391)
OS uptime: 21 days 20:48 hours
Hyper-V role detected

CPU: total 16 (initial active 16) (8 cores per cpu, 2 threads per core) family 6 model 165 stepping 5 microcode 0xfc, cx8, cmov, fxsr, ht, mmx, 3dnowpref, sse, sse2, sse3, ssse3, sse4.1, sse4.2, popcnt, lzcnt, tsc, tscinvbit, avx, avx2, aes, erms, clmul, bmi1, bmi2, adx, fma, vzeroupper, clflush, clflushopt, hv, rdtscp, f16c
Processor Information for all 16 processors :
  Max Mhz: 2904, Current Mhz: 2904, Mhz Limit: 2904

Memory: 4k page, system-wide physical 16160M (1435M free)
TotalPageFile size 65312M (AvailPageFile size 27M)
current process WorkingSet (physical memory assigned to process): 307M, peak: 309M
current process commit charge ("private bytes"): 352M, peak: 400M

vm_info: OpenJDK 64-Bit Server VM (21.0.3+-12282718-b509.11) for windows-amd64 JRE (21.0.3+-12282718-b509.11), built on 2024-08-27T17:34:15Z by "builder" with MS VC++ 16.10 / 16.11 (VS2019)

END.
